2013-11-26 11:00:18.348 Gesture App 2[18715:a0b] Multi-tasking -> Device: YES, App: YES
2013-11-26 11:00:18.454 Gesture App 2[18715:a0b] Unlimited access to network resources
2013-11-26 11:00:20.403 Gesture App 2[18715:a0b] Resetting plugins due to page load.
2013-11-26 11:00:20.751 Gesture App 2[18715:a0b] Finished load of: file:///Users/lexprima/Library/Application%20Support/iPhone%20Simulator/7.0.3/Applications/D9823B94-AEE5-4B74-93CE-A81ECA360510/Gesture%20App%202.app/www/index.html
Terminating in response to SpringBoard's termination.
2013-11-26 12:00:36.037 Gesture App 2[19390:a0b] Multi-tasking -> Device: YES, App: YES
2013-11-26 12:00:36.379 Gesture App 2[19390:a0b] Unlimited access to network resources
2013-11-26 12:00:42.921 Gesture App 2[19390:a0b] Resetting plugins due to page load.
2013-11-26 12:00:43.256 Gesture App 2[19390:a0b] Finished load of: file:///Users/lexprima/Library/Application%20Support/iPhone%20Simulator/7.0.3/Applications/D9823B94-AEE5-4B74-93CE-A81ECA360510/Gesture%20App%202.app/www/index.html
2013-12-10 15:51:37.061 Gesture App 2[13262:a0b] Multi-tasking -> Device: YES, App: YES
2013-12-10 15:51:37.313 Gesture App 2[13262:a0b] Unlimited access to network resources
2013-12-10 15:51:44.162 Gesture App 2[13262:a0b] Resetting plugins due to page load.
2013-12-10 15:51:44.673 Gesture App 2[13262:a0b] Finished load of: file:///Users/lexprima/Library/Application%20Support/iPhone%20Simulator/7.0.3/Applications/D9823B94-AEE5-4B74-93CE-A81ECA360510/Gesture%20App%202.app/www/index.html
2013-12-10 15:55:15.040 Gesture App 2[13857:a0b] Multi-tasking -> Device: YES, App: YES
2013-12-10 15:55:15.049 Gesture App 2[13857:a0b] Unlimited access to network resources
2013-12-10 15:55:15.154 Gesture App 2[13857:a0b] Resetting plugins due to page load.
2013-12-10 15:55:15.531 Gesture App 2[13857:a0b] Finished load of: file:///Users/lexprima/Library/Application%20Support/iPhone%20Simulator/7.0.3/Applications/D9823B94-AEE5-4B74-93CE-A81ECA360510/Gesture%20App%202.app/www/index.html
2013-12-10 16:02:37.412 Gesture App 2[14607:a0b] Multi-tasking -> Device: YES, App: YES
2013-12-10 16:02:37.445 Gesture App 2[14607:a0b] Unlimited access to network resources
2013-12-10 16:02:37.693 Gesture App 2[14607:a0b] Resetting plugins due to page load.
2013-12-10 16:02:38.152 Gesture App 2[14607:a0b] Finished load of: file:///Users/lexprima/Library/Application%20Support/iPhone%20Simulator/7.0.3/Applications/D9823B94-AEE5-4B74-93CE-A81ECA360510/Gesture%20App%202.app/www/index.html
Terminating in response to SpringBoard's termination.
2013-12-10 16:38:31.327 Gesture App 2[16333:a0b] Multi-tasking -> Device: YES, App: YES
2013-12-10 16:38:31.411 Gesture App 2[16333:a0b] Unlimited access to network resources
2013-12-10 16:38:33.629 Gesture App 2[16333:a0b] Resetting plugins due to page load.
2013-12-10 16:38:34.473 Gesture App 2[16333:a0b] Finished load of: file:///Users/lexprima/Library/Application%20Support/iPhone%20Simulator/7.0.3/Applications/D9823B94-AEE5-4B74-93CE-A81ECA360510/Gesture%20App%202.app/www/index.html
2013-12-10 17:09:20.473 Gesture App 2[17811:a0b] Multi-tasking -> Device: YES, App: YES
2013-12-10 17:09:20.530 Gesture App 2[17811:a0b] Unlimited access to network resources
2013-12-10 17:09:24.452 Gesture App 2[17811:a0b] Resetting plugins due to page load.
2013-12-10 17:09:24.884 Gesture App 2[17811:a0b] Finished load of: file:///Users/lexprima/Library/Application%20Support/iPhone%20Simulator/7.0.3/Applications/D9823B94-AEE5-4B74-93CE-A81ECA360510/Gesture%20App%202.app/www/index.html
Terminating in response to SpringBoard's termination.
2013-12-11 09:56:25.438 Gesture App 2[19503:a0b] Multi-tasking -> Device: YES, App: YES
2013-12-11 09:56:25.572 Gesture App 2[19503:a0b] Unlimited access to network resources
2013-12-11 09:56:30.095 Gesture App 2[19503:a0b] Resetting plugins due to page load.
2013-12-11 09:56:30.544 Gesture App 2[19503:a0b] Finished load of: file:///Users/lexprima/Library/Application%20Support/iPhone%20Simulator/7.0.3/Applications/D9823B94-AEE5-4B74-93CE-A81ECA360510/Gesture%20App%202.app/www/index.html
2013-12-11 09:58:39.412 Gesture App 2[20043:a0b] Multi-tasking -> Device: YES, App: YES
2013-12-11 09:58:39.425 Gesture App 2[20043:a0b] Unlimited access to network resources
2013-12-11 09:58:40.681 Gesture App 2[20043:a0b] Resetting plugins due to page load.
2013-12-11 09:58:40.769 Gesture App 2[20043:a0b] Finished load of: file:///Users/lexprima/Library/Application%20Support/iPhone%20Simulator/7.0.3/Applications/D9823B94-AEE5-4B74-93CE-A81ECA360510/Gesture%20App%202.app/www/index.html
2013-12-11 10:28:41.443 Gesture App 2[21347:a0b] Multi-tasking -> Device: YES, App: YES
2013-12-11 10:28:41.473 Gesture App 2[21347:a0b] Unlimited access to network resources
2013-12-11 10:28:41.587 Gesture App 2[21347:a0b] Resetting plugins due to page load.
2013-12-11 10:28:42.025 Gesture App 2[21347:a0b] Finished load of: file:///Users/lexprima/Library/Application%20Support/iPhone%20Simulator/7.0.3/Applications/D9823B94-AEE5-4B74-93CE-A81ECA360510/Gesture%20App%202.app/www/index.html
2013-12-11 11:57:22.207 Gesture App 2[24025:a0b] Multi-tasking -> Device: YES, App: YES
2013-12-11 11:57:22.275 Gesture App 2[24025:a0b] Unlimited access to network resources
2013-12-11 11:57:22.911 Gesture App 2[24025:a0b] Resetting plugins due to page load.
2013-12-11 11:57:23.990 Gesture App 2[24025:a0b] Finished load of: file:///Users/lexprima/Library/Application%20Support/iPhone%20Simulator/7.0.3/Applications/D9823B94-AEE5-4B74-93CE-A81ECA360510/Gesture%20App%202.app/www/index.html
